\BOOKMARK [1][-]{section.1}{\376\377\0001\000\040\174\173\175\042\137\025}{}% 1
\BOOKMARK [2][-]{subsection.1.1}{\376\377\0001\000.\0001\000\040\174\173\122\027\210\150}{section.1}% 2
\BOOKMARK [1][-]{section.2}{\376\377\0002\000\040\174\173\213\364\146\016}{}% 3
\BOOKMARK [2][-]{subsection.2.1}{\376\377\0002\000.\0001\000\040\000d\000a\000s\000h\000b\000o\000a\000r\000d\000s\000r\000v\000\137\000c\000l\000i\000e\000n\000t\174\173\000\040\123\302\200\003}{section.2}% 4
\BOOKMARK [3][-]{subsubsection.2.1.1}{\376\377\0002\000.\0001\000.\0001\000\040\142\020\124\130\121\375\145\160\213\364\146\016}{subsection.2.1}% 5
\BOOKMARK [2][-]{subsection.2.2}{\376\377\0002\000.\0002\000\040\000F\0007\0001\0000\174\173\000\040\123\302\200\003}{section.2}% 6
\BOOKMARK [3][-]{subsubsection.2.2.1}{\376\377\0002\000.\0002\000.\0001\000\040\213\346\176\306\143\317\217\360}{subsection.2.2}% 7
\BOOKMARK [3][-]{subsubsection.2.2.2}{\376\377\0002\000.\0002\000.\0002\000\040\174\173\142\020\124\130\123\330\221\317\213\364\146\016}{subsection.2.2}% 8
\BOOKMARK [2][-]{subsection.2.3}{\376\377\0002\000.\0003\000\040\000h\000o\000l\000e\000\137\000c\000l\000s\174\173\000\040\123\302\200\003}{section.2}% 9
\BOOKMARK [3][-]{subsubsection.2.3.1}{\376\377\0002\000.\0003\000.\0001\000\040\213\346\176\306\143\317\217\360}{subsection.2.3}% 10
\BOOKMARK [2][-]{subsection.2.4}{\376\377\0002\000.\0004\000\040\000m\000y\000E\000x\000c\000e\000p\000t\000i\000o\000n\174\173\000\040\123\302\200\003}{section.2}% 11
\BOOKMARK [3][-]{subsubsection.2.4.1}{\376\377\0002\000.\0004\000.\0001\000\040\213\346\176\306\143\317\217\360}{subsection.2.4}% 12
\BOOKMARK [2][-]{subsection.2.5}{\376\377\0002\000.\0005\000\040\000u\000r\0005\000e\000\137\000a\000c\000t\000i\000o\000n\174\173\000\040\123\302\200\003}{section.2}% 13
\BOOKMARK [3][-]{subsubsection.2.5.1}{\376\377\0002\000.\0005\000.\0001\000\040\213\346\176\306\143\317\217\360}{subsection.2.5}% 14
\BOOKMARK [3][-]{subsubsection.2.5.2}{\376\377\0002\000.\0005\000.\0002\000\040\142\020\124\130\121\375\145\160\213\364\146\016}{subsection.2.5}% 15
\BOOKMARK [3][-]{subsubsection.2.5.3}{\376\377\0002\000.\0005\000.\0003\000\040\174\173\142\020\124\130\123\330\221\317\213\364\146\016}{subsection.2.5}% 16
\BOOKMARK [2][-]{subsection.2.6}{\376\377\0002\000.\0006\000\040\000u\000r\0005\000e\000\137\000j\000s\174\173\000\040\123\302\200\003}{section.2}% 17
\BOOKMARK [3][-]{subsubsection.2.6.1}{\376\377\0002\000.\0006\000.\0001\000\040\213\346\176\306\143\317\217\360}{subsection.2.6}% 18
\BOOKMARK [3][-]{subsubsection.2.6.2}{\376\377\0002\000.\0006\000.\0002\000\040\147\204\220\040\123\312\147\220\147\204\121\375\145\160\213\364\146\016}{subsection.2.6}% 19
\BOOKMARK [3][-]{subsubsection.2.6.3}{\376\377\0002\000.\0006\000.\0003\000\040\142\020\124\130\121\375\145\160\213\364\146\016}{subsection.2.6}% 20
\BOOKMARK [1][-]{section*.10}{\376\377\000I\000n\000d\000e\000x}{}% 21
